<?xml version="1.0" encoding="UTF-8"?>
<!-- Generated by org.testng.reporters.JUnitXMLReporter -->
<testsuite ignored="1" hostname="DEV-PK-2913-LAP" failures="0" tests="2" name="Default test" time="37.458" errors="0" timestamp="2024-09-02T22:46:46 IST">
  <testcase classname="masterpage.IndexPage" name="loginMethods" time="0.702"/>
  <testcase classname="masterpage.IndexPage" name="BulkPost" time="29.122"/>
  <testcase classname="masterpage.IndexPage" name="businessProfile" time="0.0">
    <ignored/>
  </testcase> <!-- businessProfile -->
</testsuite> <!-- Default test -->
