<?xml version="1.0" encoding="UTF-8"?>
<testng-results ignored="0" total="2" passed="2" failed="0" skipped="0">
  <reporter-output>
  </reporter-output>
  <suite started-at="2024-09-02T22:46:08 IST" name="Default suite" finished-at="2024-09-02T22:46:46 IST" duration-ms="37458">
    <groups>
    </groups>
    <test started-at="2024-09-02T22:46:08 IST" name="Default test" finished-at="2024-09-02T22:46:46 IST" duration-ms="37458">
      <class name="masterpage.IndexPage">
        <test-method is-config="true" signature="SetUp()[pri:0, instance:masterpage.IndexPage@75d4a5c2]" started-at="2024-09-02T22:46:08 IST" name="SetUp" finished-at="2024-09-02T22:46:16 IST" duration-ms="7558" status="PASS">
          <reporter-output>
          </reporter-output>
        </test-method> <!-- SetUp -->
        <test-method signature="loginMethods()[pri:1, instance:masterpage.IndexPage@75d4a5c2]" started-at="2024-09-02T22:46:16 IST" name="loginMethods" finished-at="2024-09-02T22:46:16 IST" duration-ms="702" status="PASS">
          <reporter-output>
          </reporter-output>
        </test-method> <!-- loginMethods -->
        <test-method signature="BulkPost()[pri:3, instance:masterpage.IndexPage@75d4a5c2]" started-at="2024-09-02T22:46:16 IST" name="BulkPost" finished-at="2024-09-02T22:46:46 IST" duration-ms="29122" status="PASS">
          <reporter-output>
          </reporter-output>
        </test-method> <!-- BulkPost -->
      </class> <!-- masterpage.IndexPage -->
    </test> <!-- Default test -->
  </suite> <!-- Default suite -->
</testng-results>
